<?xml version="1.0" encoding="UTF-8"?>
<!-- Generated by org.testng.reporters.JUnitReportReporter -->
<testsuite hostname="DESKTOP-O33LNSB" failures="0" tests="15" name="ua.procamp.CrazyLambdasTest" time="2.850" errors="0" timestamp="2020-12-24T13:14:08 MSK" skipped="0">
  <testcase classname="ua.procamp.CrazyLambdasTest" name="testNMultiplyFunctionSupplier" time="0.016"/>
  <system-out/>
  <testcase classname="ua.procamp.CrazyLambdasTest" name="testStringToIntConverter" time="0.535"/>
  <system-out/>
  <testcase classname="ua.procamp.CrazyLambdasTest" name="testBoundedRandomIntSupplier" time="0.023"/>
  <system-out/>
  <testcase classname="ua.procamp.CrazyLambdasTest" name="testLongSumOperation" time="0.531"/>
  <system-out/>
  <testcase classname="ua.procamp.CrazyLambdasTest" name="testIntSquareOperation" time="0.537"/>
  <system-out/>
  <testcase classname="ua.procamp.CrazyLambdasTest" name="testTrickyWellDoneSupplier" time="0.024"/>
  <system-out/>
  <testcase classname="ua.procamp.CrazyLambdasTest" name="testRunnableToThreadSupplierFunction" time="0.022"/>
  <system-out/>
  <testcase classname="ua.procamp.CrazyLambdasTest" name="testHelloSupplier" time="0.025"/>
  <system-out/>
  <testcase classname="ua.procamp.CrazyLambdasTest" name="testLengthInRangePredicate" time="0.026"/>
  <system-out/>
  <testcase classname="ua.procamp.CrazyLambdasTest" name="testRunningThreadSupplier" time="0.019"/>
  <system-out/>
  <testcase classname="ua.procamp.CrazyLambdasTest" name="testFunctionToConditionalFunction" time="0.010"/>
  <system-out/>
  <testcase classname="ua.procamp.CrazyLambdasTest" name="testRandomIntSupplier" time="0.015"/>
  <system-out/>
  <testcase classname="ua.procamp.CrazyLambdasTest" name="testIsEmptyPredicate" time="0.005"/>
  <system-out/>
  <testcase classname="ua.procamp.CrazyLambdasTest" name="testToDollarStringFunction" time="0.534"/>
  <system-out/>
  <testcase classname="ua.procamp.CrazyLambdasTest" name="testNewThreadRunnableConsumer" time="0.528"/>
  <system-out/>
</testsuite> <!-- ua.procamp.CrazyLambdasTest -->
