<?xml version="1.0" encoding="UTF-8"?>
<!-- Generated by org.testng.reporters.JUnitReportReporter -->
<testsuite hostname="DESKTOP-O33LNSB" failures="0" tests="8" name="ua.procamp.StackTest" time="0.064" errors="0" timestamp="2020-12-24T13:14:08 MSK" skipped="0">
  <testcase classname="ua.procamp.StackTest" name="testPushElements" time="0.008"/>
  <system-out/>
  <testcase classname="ua.procamp.StackTest" name="testSize" time="0.008"/>
  <system-out/>
  <testcase classname="ua.procamp.StackTest" name="testPopElementFromEmptyStack" time="0.002"/>
  <system-out/>
  <testcase classname="ua.procamp.StackTest" name="testIsEmptyOnEmptyStack" time="0.009"/>
  <system-out/>
  <testcase classname="ua.procamp.StackTest" name="testIsEmpty" time="0.010"/>
  <system-out/>
  <testcase classname="ua.procamp.StackTest" name="testPushElementOntoEmptyStack" time="0.008"/>
  <system-out/>
  <testcase classname="ua.procamp.StackTest" name="testPopElements" time="0.009"/>
  <system-out/>
  <testcase classname="ua.procamp.StackTest" name="testSizeOnEmptyStack" time="0.010"/>
  <system-out/>
</testsuite> <!-- ua.procamp.StackTest -->
