<?xml version="1.0" encoding="UTF-8"?>
<!-- Generated by org.testng.reporters.JUnitReportReporter -->
<testsuite hostname="DESKTOP-O33LNSB" failures="0" tests="17" name="ua.procamp.AccountAnalyticsTest" time="0.999" errors="0" timestamp="2020-12-24T13:14:08 MSK" skipped="0">
  <testcase classname="ua.procamp.AccountAnalyticsTest" name="testGetCharacterFrequencyIgnoreCaseInFirstAndLastNames" time="0.065"/>
  <system-out/>
  <testcase classname="ua.procamp.AccountAnalyticsTest" name="testContainsAccountWithEmailDomain" time="0.045"/>
  <system-out/>
  <testcase classname="ua.procamp.AccountAnalyticsTest" name="testGetNumOfLettersInFirstAndLastNames" time="0.069"/>
  <system-out/>
  <testcase classname="ua.procamp.AccountAnalyticsTest" name="testGroupCommaSeparatedFirstNamesByBirthdayMonth" time="0.055"/>
  <system-out/>
  <testcase classname="ua.procamp.AccountAnalyticsTest" name="testCollectBalancesByIdForAccountsCreatedOn" time="0.087"/>
  <system-out/>
  <testcase classname="ua.procamp.AccountAnalyticsTest" name="testFindAccountsByBirthdayMonth" time="0.047"/>
  <system-out/>
  <testcase classname="ua.procamp.AccountAnalyticsTest" name="testGroupTotalBalanceByCreationMonth" time="0.054"/>
  <system-out/>
  <testcase classname="ua.procamp.AccountAnalyticsTest" name="testGroupFirstNamesByLastNames" time="0.073"/>
  <system-out/>
  <testcase classname="ua.procamp.AccountAnalyticsTest" name="testFindRichestPerson" time="0.056"/>
  <system-out/>
  <testcase classname="ua.procamp.AccountAnalyticsTest" name="testGroupAccountsByEmailDomain" time="0.040"/>
  <system-out/>
  <testcase classname="ua.procamp.AccountAnalyticsTest" name="testSeparateMaleAccounts" time="0.066"/>
  <system-out/>
  <testcase classname="ua.procamp.AccountAnalyticsTest" name="testCollectAccountsById" time="0.046"/>
  <system-out/>
  <testcase classname="ua.procamp.AccountAnalyticsTest" name="testCalculateTotalBalance" time="0.058"/>
  <system-out/>
  <testcase classname="ua.procamp.AccountAnalyticsTest" name="testGetBalanceByEmail" time="0.044"/>
  <system-out/>
  <testcase classname="ua.procamp.AccountAnalyticsTest" name="testGetBalanceByEmailThrowsException" time="0.071"/>
  <system-out/>
  <testcase classname="ua.procamp.AccountAnalyticsTest" name="testGetCharacterFrequencyInFirstNames" time="0.083"/>
  <system-out/>
  <testcase classname="ua.procamp.AccountAnalyticsTest" name="testSortByFirstAndLastNames" time="0.040"/>
  <system-out/>
</testsuite> <!-- ua.procamp.AccountAnalyticsTest -->
