<?xml version="1.0" encoding="UTF-8"?>
<!-- Generated by org.testng.reporters.JUnitReportReporter -->
<testsuite hostname="DESKTOP-O33LNSB" failures="0" tests="30" name="ua.procamp.LinkedListTest" time="0.367" errors="0" timestamp="2020-12-24T13:14:08 MSK" skipped="0">
  <testcase classname="ua.procamp.LinkedListTest" name="testSetFirstElementOnEmptyTree" time="0.023"/>
  <system-out/>
  <testcase classname="ua.procamp.LinkedListTest" name="testRemoveElement" time="0.017"/>
  <system-out/>
  <testcase classname="ua.procamp.LinkedListTest" name="testClearOnEmptyList" time="0.008"/>
  <system-out/>
  <testcase classname="ua.procamp.LinkedListTest" name="testGetElementByIndexEqualsToListSize" time="0.010"/>
  <system-out/>
  <testcase classname="ua.procamp.LinkedListTest" name="testClearChangesTheSize" time="0.007"/>
  <system-out/>
  <testcase classname="ua.procamp.LinkedListTest" name="testClearRemovesElements" time="0.008"/>
  <system-out/>
  <testcase classname="ua.procamp.LinkedListTest" name="testGetFirstElementFromSingleElementList" time="0.006"/>
  <system-out/>
  <testcase classname="ua.procamp.LinkedListTest" name="testAddElementToTheHeadOfNonEmptyList" time="0.013"/>
  <system-out/>
  <testcase classname="ua.procamp.LinkedListTest" name="testRemoveLastElement" time="0.009"/>
  <system-out/>
  <testcase classname="ua.procamp.LinkedListTest" name="testAddIntoEmptyList" time="0.022"/>
  <system-out/>
  <testcase classname="ua.procamp.LinkedListTest" name="testAddElementByZeroIndexIntoEmptyList" time="0.014"/>
  <system-out/>
  <testcase classname="ua.procamp.LinkedListTest" name="testSize" time="0.007"/>
  <system-out/>
  <testcase classname="ua.procamp.LinkedListTest" name="testSizeOnEmptyList" time="0.007"/>
  <system-out/>
  <testcase classname="ua.procamp.LinkedListTest" name="testRemoveFirstElement" time="0.007"/>
  <system-out/>
  <testcase classname="ua.procamp.LinkedListTest" name="testIsEmpty" time="0.022"/>
  <system-out/>
  <testcase classname="ua.procamp.LinkedListTest" name="testGetElements" time="0.017"/>
  <system-out/>
  <testcase classname="ua.procamp.LinkedListTest" name="testSetElementByIndex" time="0.009"/>
  <system-out/>
  <testcase classname="ua.procamp.LinkedListTest" name="testGetElementByNegativeIndex" time="0.008"/>
  <system-out/>
  <testcase classname="ua.procamp.LinkedListTest" name="testSetElementByIndexEqualToSize" time="0.019"/>
  <system-out/>
  <testcase classname="ua.procamp.LinkedListTest" name="testAddElements" time="0.006"/>
  <system-out/>
  <testcase classname="ua.procamp.LinkedListTest" name="testRemoveElementFromEmptyList" time="0.018"/>
  <system-out/>
  <testcase classname="ua.procamp.LinkedListTest" name="testContainsOnEmptyList" time="0.007"/>
  <system-out/>
  <testcase classname="ua.procamp.LinkedListTest" name="testIsEmptyOnEmptyList" time="0.013"/>
  <system-out/>
  <testcase classname="ua.procamp.LinkedListTest" name="testAddElementByIndexLargerThanListSize" time="0.016"/>
  <system-out/>
  <testcase classname="ua.procamp.LinkedListTest" name="testAddElementByIndex" time="0.007"/>
  <system-out/>
  <testcase classname="ua.procamp.LinkedListTest" name="testAddElementByIndexEqualToSize" time="0.012"/>
  <system-out/>
  <testcase classname="ua.procamp.LinkedListTest" name="testAddElementByIndexToTheEndOfList" time="0.015"/>
  <system-out/>
  <testcase classname="ua.procamp.LinkedListTest" name="testAddElementByNegativeIndex" time="0.014"/>
  <system-out/>
  <testcase classname="ua.procamp.LinkedListTest" name="testGetFirstElementFromEmptyList" time="0.015"/>
  <system-out/>
  <testcase classname="ua.procamp.LinkedListTest" name="testContains" time="0.011"/>
  <system-out/>
</testsuite> <!-- ua.procamp.LinkedListTest -->
