<?xml version="1.0" encoding="UTF-8"?>
<!-- Generated by org.testng.reporters.JUnitReportReporter -->
<testsuite hostname="DESKTOP-O33LNSB" failures="0" tests="9" name="ua.procamp.QueueTest" time="0.045" errors="0" timestamp="2020-12-24T13:14:08 MSK" skipped="0">
  <testcase classname="ua.procamp.QueueTest" name="testAddElement" time="0.005"/>
  <system-out/>
  <testcase classname="ua.procamp.QueueTest" name="testPollLastElement" time="0.004"/>
  <system-out/>
  <testcase classname="ua.procamp.QueueTest" name="testSize" time="0.005"/>
  <system-out/>
  <testcase classname="ua.procamp.QueueTest" name="testPollElementFromEmptyQueue" time="0.005"/>
  <system-out/>
  <testcase classname="ua.procamp.QueueTest" name="testAddElementIntoEmptyQueue" time="0.005"/>
  <system-out/>
  <testcase classname="ua.procamp.QueueTest" name="testIsEmpty" time="0.006"/>
  <system-out/>
  <testcase classname="ua.procamp.QueueTest" name="testIsEmptyOnEmptyQueue" time="0.005"/>
  <system-out/>
  <testcase classname="ua.procamp.QueueTest" name="testSizeOfEmptyQueue" time="0.004"/>
  <system-out/>
  <testcase classname="ua.procamp.QueueTest" name="testPollElement" time="0.006"/>
  <system-out/>
</testsuite> <!-- ua.procamp.QueueTest -->
